Creating output file that is 652082P x 125874L.
Processing /projects/arctic/share/ABoVE_Biomass/Duncanson2025/Duncanson2025_BigTIFF_masked_Combined.tif [1/1] : 0Using internal nodata values (e.g. -9999) for image /projects/arctic/share/ABoVE_Biomass/Duncanson2025/Duncanson2025_BigTIFF_masked_Combined.tif.
Copying nodata values from source /projects/arctic/share/ABoVE_Biomass/Duncanson2025/Duncanson2025_BigTIFF_masked_Combined.tif to destination /projects/arctic/share/ABoVE_Biomass/Duncanson2025/Duncanson2025_BigTIFF_masked_Combined_4326.tif.
...10...20...30...40...50...60...70...80...90...100 - done.
Creating output file that is 285232P x 91426L.
Processing /projects/arctic/share/ABoVE_Biomass/Guindon2023/Guindon2023_102001_masked_Canada.tif [1/1] : 0Using internal nodata values (e.g. 255) for image /projects/arctic/share/ABoVE_Biomass/Guindon2023/Guindon2023_102001_masked_Canada.tif.
Copying nodata values from source /projects/arctic/share/ABoVE_Biomass/Guindon2023/Guindon2023_102001_masked_Canada.tif to destination /projects/arctic/share/ABoVE_Biomass/Guindon2023/Guindon2023_4326_masked_Canada.tif.
...10...20...30...40...50...60...70...80...90...100 - done.
Creating output file that is 1152880P x 259495L.
Processing /projects/arctic/share/ABoVE_Biomass/Matasci2018/matasci_102001_bigtiff_masked_Canada.tif [1/1] : 0Using internal nodata values (e.g. 0) for image /projects/arctic/share/ABoVE_Biomass/Matasci2018/matasci_102001_bigtiff_masked_Canada.tif.
Copying nodata values from source /projects/arctic/share/ABoVE_Biomass/Matasci2018/matasci_102001_bigtiff_masked_Canada.tif to destination /projects/arctic/share/ABoVE_Biomass/Matasci2018/matasci_4326_bigtiff_masked_Canada.tif.
...10...20...30...40...50...60...70...80...90...100 - done.
Creating output file that is 133996P x 25785L.
Processing /projects/arctic/share/ABoVE_Biomass/Soto-Navarro2020/Soto2020_102001_masked_Combined.tif [1/1] : 0Using internal nodata values (e.g. 0) for image /projects/arctic/share/ABoVE_Biomass/Soto-Navarro2020/Soto2020_102001_masked_Combined.tif.
Copying nodata values from source /projects/arctic/share/ABoVE_Biomass/Soto-Navarro2020/Soto2020_102001_masked_Combined.tif to destination /projects/arctic/share/ABoVE_Biomass/Soto-Navarro2020/Soto2020_4326_masked_Combined.tif.
...10...20...30...40...50...60...70...80...90...100 - done.
Creating output file that is 136307P x 27204L.
Processing /projects/arctic/share/ABoVE_Biomass/SpawnGibbs2020/SpawnGibbs2020_mask_102001_masked_Combined.tif [1/1] : 0Using internal nodata values (e.g. 0) for image /projects/arctic/share/ABoVE_Biomass/SpawnGibbs2020/SpawnGibbs2020_mask_102001_masked_Combined.tif.
Copying nodata values from source /projects/arctic/share/ABoVE_Biomass/SpawnGibbs2020/SpawnGibbs2020_mask_102001_masked_Combined.tif to destination /projects/arctic/share/ABoVE_Biomass/SpawnGibbs2020/SpawnGibbs2020_mask_4326_masked_Combined.tif.
...10...20...30...40...50...60...70...80...90...100 - done.
Creating output file that is 260658P x 43442L.
Processing /projects/arctic/share/ABoVE_Biomass/Wang2020/Wang102001_masked_ABoVE.tif [1/1] : 0Using internal nodata values (e.g. 0) for image /projects/arctic/share/ABoVE_Biomass/Wang2020/Wang102001_masked_ABoVE.tif.
Copying nodata values from source /projects/arctic/share/ABoVE_Biomass/Wang2020/Wang102001_masked_ABoVE.tif to destination /projects/arctic/share/ABoVE_Biomass/Wang2020/Wang4326_masked_ABoVE.tif.
...10...20...30...40...50...60...70...80...90...100 - done.
Creating output file that is 3600P x 1800L.
Processing /projects/arctic/share/ABoVE_Biomass/Xu2021/Xu2021_102001_masked_Combined.tif [1/1] : 0Using internal nodata values (e.g. 0) for image /projects/arctic/share/ABoVE_Biomass/Xu2021/Xu2021_102001_masked_Combined.tif.
Copying nodata values from source /projects/arctic/share/ABoVE_Biomass/Xu2021/Xu2021_102001_masked_Combined.tif to destination /projects/arctic/share/ABoVE_Biomass/Xu2021/Xu2021_4326_masked_Combined.tif.
...10...20...30...40...50...60...70...80...90...100 - done.
